<?xml version="1.0"?>
<testsuite name="Chrome 85.0.4183 (Windows 10.0.0)" package="" timestamp="2020-09-23T07:23:36" id="0" hostname="DESKTOP-Q7AJJCE" tests="22" errors="0" failures="0" time="2.03">
  <properties>
    <property name="browser.fullName" value="Mozilla/5.0 (Windows NT 10.0; Win64; x64) AppleWebKit/537.36 (KHTML, like Gecko) Chrome/85.0.4183.121 Safari/537.36"/>
  </properties>
  <testcase name="Unit test: Admin GTP Admin-adminGTP dashboard component created" time="0.146" classname="Unit test: Admin GTP"/>
  <testcase name="Unit test: Admin GTP Admin-adminGTP createTable:without info" time="0.015" classname="Unit test: Admin GTP"/>
  <testcase name="Unit test: Admin GTP Admin-adminGTP loadGTPData: lists with programs info defined" time="0.009" classname="Unit test: Admin GTP"/>
  <testcase name="Unit test: Exomiser Service functions Clinical Diagnosis component created" time="0.615" classname="Unit test: Exomiser Service functions"/>
  <testcase name="Unit test: Exomiser Service functions Set actual token" time="0.03" classname="Unit test: Exomiser Service functions"/>
  <testcase name="Unit test: Exomiser Service functions Get actual token" time="0.086" classname="Unit test: Exomiser Service functions"/>
  <testcase name="Unit test: LoginComponent should create" time="0.104" classname="Unit test: LoginComponent"/>
  <testcase name="Unit test: LoginComponent On submit" time="0.065" classname="Unit test: LoginComponent"/>
  <testcase name="Unit test: LoginComponent Forgot password" time="0.067" classname="Unit test: LoginComponent"/>
  <testcase name="Unit test: LoginComponent onRegister" time="0.049" classname="Unit test: LoginComponent"/>
  <testcase name="[Search Filter] Diseases.[List with accents - Search with accents]" time="0.473" classname="[Search Filter]"/>
  <testcase name="[Search Filter] Diseases. [List with accents - Search without accents]" time="0.019" classname="[Search Filter]"/>
  <testcase name="[Search Filter] Diseases. [List without accents - Search with accents]" time="0.046" classname="[Search Filter]"/>
  <testcase name="[Search Filter] Diseases. [List without accents - Search without accents]" time="0.037" classname="[Search Filter]"/>
  <testcase name="[Search Filter] Symptoms. [List without accents - Search with accents]" time="0.034" classname="[Search Filter]"/>
  <testcase name="[Search Filter] Symptoms. [List without accents - Search without accents]" time="0.03" classname="[Search Filter]"/>
  <testcase name="[Search Filter] Symptoms. [List with accents - Search with accents]" time="0.033" classname="[Search Filter]"/>
  <testcase name="[Search Filter] Symptoms. [List with accents - Search without accents]" time="0.04" classname="[Search Filter]"/>
  <testcase name="[Search Filter] Disease. [Not included in list - with accents]" time="0.039" classname="[Search Filter]"/>
  <testcase name="[Search Filter] Disease. [Not included in list - without accents]" time="0.034" classname="[Search Filter]"/>
  <testcase name="[Search Filter] Symptoms. [Not included in list - with accents]" time="0.013" classname="[Search Filter]"/>
  <testcase name="[Search Filter] Symptoms. [Not included in list - with accents]" time="0.046" classname="[Search Filter]"/>
  <system-out>
    <![CDATA[Chrome 85.0.4183 (Windows 10.0.0) LOG: 'ng on init'
,Chrome 85.0.4183 (Windows 10.0.0) LOG: 'cancel pending request'
,Chrome 85.0.4183 (Windows 10.0.0) LOG: 'cancel pending request'
,Chrome 85.0.4183 (Windows 10.0.0) LOG: 'ng on init'
,Chrome 85.0.4183 (Windows 10.0.0) LOG: 'cancel pending request'
,Chrome 85.0.4183 (Windows 10.0.0) LOG: 'cancel pending request'
,Chrome 85.0.4183 (Windows 10.0.0) LOG: 'ng on init'
,Chrome 85.0.4183 (Windows 10.0.0) LOG: 'cancel pending request'
,Chrome 85.0.4183 (Windows 10.0.0) LOG: 'cancel pending request'
,Chrome 85.0.4183 (Windows 10.0.0) LOG: 'Extracted value: '
,Chrome 85.0.4183 (Windows 10.0.0) LOG: Object{}
,Chrome 85.0.4183 (Windows 10.0.0) LOG: 'Extracted value: '
,Chrome 85.0.4183 (Windows 10.0.0) LOG: Object{}
,Chrome 85.0.4183 (Windows 10.0.0) LOG: Object{email: 'marta@dx29.dev', password: 'mmmmmmmm'}
,Chrome 85.0.4183 (Windows 10.0.0) LOG: 'Sign in user'
,Chrome 85.0.4183 (Windows 10.0.0) LOG: 'Extracted value: '
,Chrome 85.0.4183 (Windows 10.0.0) LOG: Object{}
,Chrome 85.0.4183 (Windows 10.0.0) LOG: 'Extracted value: '
,Chrome 85.0.4183 (Windows 10.0.0) LOG: Object{}

]]>
  </system-out>
  <system-err/>
</testsuite>